:104000005542200135D0085A824588143140003984
:104010003F4032000F9308249242881420012F83DE
:104020009F4F1A850011F8233F4056030F93072432
:104030009242881420011F83CF433211F923218338
:10404000B012B849474F3D4018003E40FF003F4086
:104050009211B012CA79F2433514F2438314B2407C
:10406000805A2001A242600182432E01A2428001B7
:1040700082431E01B24020026001B2402001800153
:10408000F24084FF5700C2435800B2400040820112
:104090003B400C003D4000080E430C4D0CDE5942E5
:1040A00057000A4C8A107AF0070079F0F8FF4AD9D5
:1040B000C24A5700C24C5600794003000A430843E5
:1040C0000F3C18429001385282489201B2F0FEFF34
:1040D000820192B38201FD271F427001084A0A4FF4
:1040E0007953EF230A883A900104012C0E4C0D11EC
:1040F0003B53D3230F4E3FF0E0003F90E0000220FF
:104100003EF0E0FF5C4257000D4E8D107DF0070041
:104110007CF0F8FF4DDCC24D5700C24E56005E42A7
:1041200057007EF007007ED080FFC24E5700E2426B
:104130005800F2F0FDFF000082437001B24002021D
:10414000600182439001B240020180011E42600181
:104150003EF0CFFF3ED02000824E60011E42800123
:104160003EF0CFFF3ED02000824E8001C2432600A9
:10417000C2432E00C2431B00C2431F00C243330090
:10418000C2433700C2432100F240E0FF2200F24068
:1041900030002900F2407B002A00C2431900F2409F
:1041A000F1FF1A00F240DDFF1D00F240FDFF1E008E
:1041B000F2433100F2433200C2433500F24336008D
:1041C000C2432500C2432D001F4270011E427001F0
:1041D0000E8F3E900128FA2BE2D31A00F2D21A0079
:1041E000F2D080FF1E00F2D010001E00F2D080FF3F
:1041F0001D00F2D010001D0003430343F2F0EFFF57
:104200001D00F2F0F7FF19005F43B0128E464F43D6
:10421000B0128E465F43B0128E465F43B0128E4698
:104220005F43B0128E464F43B0128E464F43B012DA
:104230008E465F43B0128E46F2D010001D00F2D2BF
:104240001900E2D31900F2D010003200F2D02000A1
:104250003200F2D040003200B0125857B012685706
:10426000B0127857B01264744F93FC23F243B61126
:10427000B2437C11C2437E11B2438011C24382110A
:10428000B2438411C2438611B2438811C2438A11DA
:10429000B0127C45C24FD7121F4230111F53824FBC
:1042A000C6118243C811B24000147211F2F0EFFF40
:1042B0002200E2D21E00F2F0FDFF1E00B2F0EFFF7E
:1042C0008601B24000408601F2433F14C243BC1253
:1042D000C243BD12C243BE12C243BF12E2D21E008D
:1042E000F2D040001E00F2D020001E00B012B849EB
:1042F0001B420611B012CA49824BDC11B0128A4728
:10430000824CCC12824DCE12824ED012824FD212EB
:10431000D2420411BE11C243BF11F2401F00BA12B3
:10432000F2401A00D512B0128A47824CCC12824D4C
:10433000CE12824ED012824FD2123E40CC120D4E7F
:104340003D5007000C436F4EEE4D0000CD4F000076
:104350001C531E533D532C92F623D243B011C2433B
:104360004814D243C111C243CA12B2F0EFFF820116
:10437000B24000408201F243D611C243E411C2436D
:10438000E611F2400A00B412C243D111C243D71160
:10439000C243361482438614C2437E14C243301291
:1043A000B012EE45C2432112C2432012C24344114F
:1043B000B01264744F93FC234F47B012CA4932D2F3
:1043C000B012B8494E4FF2900A00B4120624E2929D
:1043D000BB110324B012CA49073C4F4EB012CA4960
:1043E0007F400300B012C84AB0125857B012685745
:1043F000B01278575F43B0123E5A4F931920B01253
:10440000B849829340110324B012CA49193C92431F
:104410004011B012CA49B012B849F2D020001D00B4
:10442000B012CA493E4014000F43B0126A4F083C14
:104430006F43B012984A4F9303205F43B012984ADB
:10444000B012B8494A4F863CC29322117724B2B0C9
:10445000100062010820B2B0100064010420B2B064
:104460001000660107241E4260013EF000033E90EA
:1044700000022E245F4204003FB0C00005245F42CA
:1044800071003FF0200026205F4205003FB0300061
:1044900005245F4279003FF020001E205F4270003B
:1044A0001FF31C245F4271003FF020001A245F427A
:1044B00072003FF0200018245F4270002FF2172492
:1044C0005F4270003FF0200015207E400500133C45
:1044D0006E43113C6E430F3C6E430D3C7E40050025
:1044E0000A3C7E400500073C7E400500043C7E40BF
:1044F0000500013C6E43B2B01000A0011924B2B017
:104500001000A2010524B2B2A2010F246E43103C98
:104510001F42A2013FB000040B241D4260013DF088
:1045200000033D9000020420023C4E43013C6E43D8
:104530007E90050001286E42C24E6E115E426E11E1
:104540000E5E1E4E02853ED2814E000022D132C246
:1045500003430343F29335147727B01234494B4F8A
:104560007F9372274F4AB012CA494F4BB012B268BC
:10457000673F32D0F000FD3F3040E4830B120A1257
:1045800009120812071206123C404E830D431E42C8
:10459000C6111F42C811B012E277074D084E094FED
:1045A0000E4C0F4712C30F100E10085E096F0993CF
:1045B000053438F339F0FF7F185309638248C61178
:1045C0008249C8110F4836413741384139413A4193
:1045D0003B413041C24F77005F4202003FF0400054
:1045E000FB27F2F0BFFF02005F4276003041C2437A
:1045F000D313C243D213E242BB11C243B612C24329
:10460000D813C243BC1182432E1230411E427001A6
:104610003F9001800A283F5000801D4270010D8E9E
:104620000F9DFB2F0E5F3F4000801D4270010D8EDD
:104630000F9DFB2F3041F2F0EFFF2A003041F2D006
:1046400010002A0030411F429001013C0F4E1E42D3
:1046500090010F9EFB233041B2F0EFFF8401E2D3C3
:104660001F00B2F0FEFF8401B2F0FDFF84014F4F46
:104670008F107E4006000F5F7E53FD233FD0000168
:10468000824F8401B2D0100084014F4330414F93D8
:1046900004245F4219006FD3043C5F4219007FF08D
:1046A000FDFFC24F1900F2D21900F2F0F7FF190016
:1046B00030415C4F02008C105E4F01000CDE0E4C4E
:1046C0008E104E4E12C30E1012C30E103EF0030099
:1046D0005D4E0E858D110E4C8E104E4E7C400600A8
:1046E00012C30E107C53FC235E4E0E858E110E5DA0
:1046F0003E5006000F5E3041F24080FF8E11C243F3
:10470000BA11C2433A14C2433414C243B111304106
:10471000F2F0EFFF05003F403300FFF0FDFF000027
:10472000FFF0FBFF0000FFF0F7FF00003041F2F068
:10473000CFFF05003F401B00FFF0BFFF0000FFF070
:104740007F00000030410D4F8D104D4D4F4F8F10A9
:104750000DDF4E4E0DEE4F4D12C34F1012C34F10D2
:1047600012C34F1012C34F104E4F0EED4F4E8F100D
:104770000F5F0F5F0F5F0F5F0FEE4E4F0E5E0E5E0F
:104780000E5E0E5E0E5E0FEE30410B120A12091223
:1047900008123150F2FFC2933A118120B01236460E
:1047A000F2F0EFFF2900B0123E463F403002B01257
:1047B0000C46B01236463F403C00B0120C460B434C
:1047C000F2B01000280009243B5005003F400500CE
:1047D000B0120C463B90F000F3233F40A401B0120E
:1047E0000C463B90F0005D2C7A427B4033001BB3BB
:1047F0000B24B0123E463F400500B0120C46B012EA
:1048000036463F4041000A3CB0123E463F403C0025
:10481000B0120C46B01236463F400500B0120C46AE
:1048200012C34B107A53E3233A40C21279424B43EE
:1048300012C34B10B0123E463F400500B0120C466A
:10484000B01236463F400500B0120C4658422800D0
:104850003F404100B0120C4678B0100002247BD0DB
:1048600080FF7953E523CA4B00001A533A90CA12CD
:10487000DD230E434F435FEEC2127D420C4F1CF30B
:1048800012C34F100C9302247FE08CFF7D53F6235C
:104890001E533E92F0234F930620D2433A114E43CB
:1048A000043C6E42023C7E400600C2933A110A2448
:1048B0000F430D410D5FDD4FC31200001F533F90AA
:1048C0000600F7234E9308243D420E430F413F500C
:1048D0000600B012CA79163CC1430600F14012002E
:1048E0000700F1406D000800F14045000900F1406B
:1048F00050000A00D14102000B00D14101000C0020
:10490000E1410D001C4106001D4108001E410A0046
:104910001F410C0031500E00384139413A413B41B2
:1049200030414F930324D24370003041F2F0FEFF38
:10493000700030415F4235144E4F3E5092116D4E23
:10494000C24D35147D930220F2438314FE430000D0
:1049500030415F930C2403286F931820103C1F42B2
:1049600062018F105FF312241F42720130411F4217
:1049700064018F105FF30A241F42740130411F420B
:1049800066018F105FF302241F42760130415F43BE
:10499000B0122249F2F0BFFF04003F401B00FFF0BD
:1049A000FDFF0000FFF0FBFF0000FFF0F7FF00003D
:1049B0004F43B012224930410E4232C203430343F7
:1049C0003EF25F4301204F4330414F93012432D2E6
:1049D00030410B12B012B8491D42CE111E4238149C
:1049E0000D9303240D5E6D4D013C4D43C24D770088
:1049F0006E531D423C144C4E0D9C1C2C4E4D1A3CCB
:104A00005D4202003DF04000FB275B4276001D4204
:104A1000B2120D9303240C5DCC4B00001D42CE114D
:104A20000D9304241D5238146D4D013C4D43C24D6D
:104A30007700013C4E4E1C4238140D4C1D53824DE4
:104A400038140D9EDD2BB012CA493B4130410B1288
:104A5000B012B8495B43C293BC1201244B43B0125D
:104A6000CA494F4B3B4130410B120A124A4FB01218
:104A7000B8494B4FB0124E4A4F9305244F4BB012DA
:104A8000CA494F43063C4F4BB012CA494F4AB01275
:104A9000D4453A413B4130410B120A124A4FB01201
:104AA000B8495B435A92BD1201244B43B012CA4924
:104AB0004F4B3A413B413041B012B849F2F0FBFF55
:104AC0001D00B012CA4930410B124B4FB012B84909
:104AD0004E4BFE93921106201E43C29B8314032467
:104AE0000E43013C1E430E930E20F2933514032017
:104AF000C24B3514043C5E428314CE4B9211C24B20
:104B000083144B43023C7B400500B012CA494F4B13
:104B10003B413041C2933E113920F2930B113620B4
:104B2000B0124E4A4F933224D243D612C293901100
:104B30000224C243D612C293D6122A24F290030052
:104B40003C112920C293081128205E420A117E934D
:104B500016244F4E5D4F3F14C24D0A117D93022023
:104B6000F2430911FF433F14C24EC011F243081132
:104B7000D2433C117F401300B012C84A043CD243D8
:104B80000811C2433C11B0128E49053C5F433041CD
:104B90007F40050030414F4330414F433041D29375
:104BA000081113205F423C115F9305207F401300E2
:104BB000B012C84A083C6F930A20D242C0110811B3
:104BC000F24003003C114F4330415F4330415F43AB
:104BD0003041C29356112C204F932A20D2435611B4
:104BE000D2421E115411D2B368110F430F6FC24F3E
:104BF0008F11924218115211D242661150115E4229
:104C000068115EF35F4301244F435E4268117EF0FA
:104C1000FEFF4EDF1FF30F5F924F1A1118117EF047
:104C2000E7FFC24E68117F400700B012C84A30410A
:104C3000D2B368110F430F6F5E4268114F93032484
:104C40007EF0FBFF023C7EF0FDFFC24E681130415A
:104C5000F2900A00B4120320E292BB110324D24363
:104C60006A1130416F42B012C84AC2436A113041E2
:104C7000B012B849F2F0BFFF0200F2D040000000CD
:104C8000B012CA49B012D24930414E4EC243DE1171
:104C90008243CE11824FB212824E3C1482433814AA
:104CA0000E930324B012704C043C7F401200B012EB
:104CB000C84A4F4330410B120A1209120A4F494E9B
:104CC000B012B8494B4FB0124E4A4F9305244F4B88
:104CD000B012CA494B431F3C4F4BB012CA49B240B5
:104CE0007F00E0117F407F00B012D4454B4F4E490A
:104CF000C243DE118243CE11824AB212824E3C146C
:104D0000824338140E930324B012704C043C7F404D
:104D10001200B012C84A4F4B39413A413B41304131
:104D2000B012B84A5E431F427211B012B64C304105
:104D30000B124B4FB012B849C24B4211B012CA49C4
:104D40007F400E00B012C84A3B4130410B124B4F1E
:104D500092433811C2439011B012144B4F4BB01212
:104D6000304D3B413041B012B849E2D21D00B01283
:104D7000CA4930410B120A1209124B4FB012B849FE
:104D80004A4FC29B0B110424B012CA495F434C3CEA
:104D9000F2430B115B423E114B930920B012B8490C
:104DA000C243BC12B012CA49B012144B353C4C433A
:104DB000494B021232C20343C24C3001F240CDFFD4
:104DC00038011E423A0132418E1012C34E1012C3F6
:104DD0004E104D4E4D5D4D5D4E5D4C8E4E4C4F4CCC
:104DE0000D497CF00F004C9303240D117C53FB3FC5
:104DF0001DF31724C24E0B111E434D4F7DF00F00C3
:104E00004D9303240E5E7D53FB3F4BCEC24B3E11B0
:104E10007F401100B012C84A4F4AB012CA494F43EE
:104E2000033C4C4E5C53C53F39413A413B41304114
:104E30007F400300B012744D4F4330410B120A12F1
:104E40000912B012B849494F1B42CC11B012464664
:104E50000A4F1F4280015FF304241B53B0124646E1
:104E60000A4F0C430D430D4B0E4A0F430A4C0B4D9A
:104E70000ADE0BDF4F49B012CA490E4A0F4B3941C7
:104E80003A413B4130410B120A1209120812B0128A
:104E90003C4E084E094F1E4276111F4278110A4EB1
:104EA0000B4F1A52B2111B62B411099F092802203C
:104EB000089E06280B9F102809200A9E0D28063CF4
:104EC0000B9F04280F9B27280A9E252C099B04284A
:104ED0000B992128089A1F2C0C4A0D4B0C880D7930
:104EE0000D9303203C90018018280E480F493E5036
:104EF00000800F63824E7611824F78110E4C0F4D59
:104F00003E5000803F63824EB211824FB4113C404C
:104F100000800D430A3C0C430D43824A7611824BBC
:104F200078118243B2118243B4110A4CB012464642
:104F30000E4F0E880E9A052C0C4A0C8E3C900300E6
:104F4000062CB01246462F53824F9601033C0C5F4D
:104F5000824C9601B2F0FEFF8601B2D010008601AD
:104F6000384139413A413B4130410B120A12091292
:104F7000081221830A4E0B4FB0123C4E084E094FC7
:104F8000B012B8498248761182497811824AB2112A
:104F9000824BB411814F0000B012864E2F41B012E7
:104FA000CA492153384139413A413B4130410B1202
:104FB000B012B8494B4FB0127C453E404600B0128B
:104FC000A8780E4F3E500B00824E80140F43B01253
:104FD0006A4F4F4BB012CA493B4130410B120A1283
:104FE000B012B8494A4FB292381112207F400900DE
:104FF000B012684AB012304EB012664D924338116A
:105000007F400300B012304D4F4AB012CA492F3CC6
:10501000B012B84AC293841403247F400500013CB7
:105020006F42B012684A4E4F3EF205204F43B01215
:10503000684A3FF204205B433F400300033C4B437C
:105040003F400500824F3811B012664D4F4AB012F2
:10505000CA494B930724C2437A11B012304EB012A2
:10506000AE4F053C3E4040010F43B0126A4F3A41FB
:105070003B4130410B120A120912494F0A4EB0123D
:10508000B8494B4FB0124E4A4F9305244F4BB012C4
:10509000CA494F430D3C4F4BB012CA494F49B01259
:1050A000D4450F4A8F10B012D4454F4AB012D445A0
:1050B00039413A413B4130410B120A1209120812A0
:1050C0000712084F4A4E074D4B4CB012B849494F92
:1050D000B0124E4A4F9305244F49B012CA494F436C
:1050E000213C4F49B012CA494A4A0A584F4A7FD018
:1050F00080FFB012D445494F0E4A12C30E104F4ED6
:105100007FF0C0FFB012D4454A4B093C4E4B0F4ACA
:105110000F8E0E4F0E576F4EB012D4457B534B93EC
:10512000F5234F493741384139413A413B413041FC
:105130000B123150F4FFB012B8494B4F3D423E4084
:10514000CC120F41B012D0781E42BE11C14E0800E1
:105150008E10C14E09001E42DC11C14E0A008E1095
:10516000C14E0B004F4BB012CA497C400C000D41A0
:105170004E433F406001B012B85031500C003B41EB
:1051800030410B12B012B8494B4FC2937E14072026
:105190006F43B012C84A4F930220D2437E144F4B44
:1051A000B012CA493B4130410B120A124B4F4A4ED2
:1051B0005F42BB115F930E2406286F933C247F90BF
:1051C0000300E720463C4B9302203040BA53B01214
:1051D000EE45F13C4B93F1201F422E12B012464790
:1051E000824F2E12E243BB11C24AD8137A90440078
:1051F000D0205D4268115DF30324E2B26811023CE5
:10520000E2B368110E430E6E4E93C3205F426811E5
:105210004D9302246FD2013C6FD3C24F68115F429D
:1052200068117FF0E7FF7FD2C24F6811C243661159
:10523000F2431E11C23C4B93AC20C24EBC111F4224
:105240002E12B0124647824F2E12F2400300BB11BD
:10525000B43C5F42B6127F939C244B9341246F93DE
:1052600098285F42D2134F9302247F53013C6F432F
:105270004E4F5E4ED4138E104F9302247F53013C49
:105280006F434F4F5F4FD4130FDE1F922E128120BA
:105290004F43B012D24B5C42BC115E4220125B42C3
:1052A00021124F4E5F537F900600022C4D4F013C60
:1052B0004D434D9B0C244E4ECE4C2212C24F201219
:1052C0007F9006000228C2432012B0128251B01211
:1052D000EE45F2F0FDFF4E11C2936A116E24643C5C
:1052E0006F9346285F42D3135E4FD4135F42681119
:1052F00012C34F1012C34F1012C34F103FF00300E0
:105300001F9303242F932020133C5F4268117FF0EA
:10531000E7FF7FD01000C24F68114E9302244F4325
:10532000023C7F400500C24F6611C24E1E110C3C6C
:105330005F4266117F903400072C4F4F1F521811A7
:10534000CF4E0000D25366115D42D3134F4D5E4FD6
:10535000D4134F4D5F53C24FD3137F9003000228E5
:10536000C243D3131F422E12B0124647824F2E1251
:105370005E42D2134F4ECF4AD4134F4E5F53C24FAB
:10538000D2137F9003000228C243D213D253B61225
:10539000143CB012EE45F2F0FDFF4E115F43B01227
:1053A000D24BC2936A110524E242BB11B012504C99
:1053B000043C4B930224D243BB113A413B41304160
:1053C0000B120A120B4D4A4C7C901D00442CCD4E02
:1053D00006008E10CD4E0500CD4F0B00CB4C0900C2
:1053E000829362113A20B012B849F24005005E1172
:1053F000C2435C11824B6411A2436211C243581133
:10540000C2435A117A500C00C24A6011B012CA4904
:10541000B012B849F2900A00B4120320B012CA497F
:10542000163CB012CA49B012B849C293E611062020
:10543000D243E611C243E7115B43013C4B43B01238
:10544000CA494B930424B01282514F43083C824313
:1054500062115F43043C6F43023C7F4005003A41C8
:105460003B413041C2431F111D4228120D930424B9
:105470005F4240141FF30224D2431F11C2931F1135
:1054800011205F4D05008F105E4D06005C4D090038
:105490000EDF5F4D0B00B012C0534F9303245F43E8
:1054A000B012C84A30415F424F148F105E42501410
:1054B000C2431F117C401C003D404A140EDF5F4276
:1054C0005514B012C0534F930424D2431F1182438A
:1054D000281230410B125B4246117B901C00022CBB
:1054E0004B4B023C3B401C003D401C000E433F40E8
:1054F0005614B012CA795F424A115D4246110E43FA
:105500000E3C4C4F5C4CD8124D9306245F537F9059
:10551000FAFF01204F437D53CE4C56141E530E9B71
:10552000F023C24F4A11C24D4611F2435014F243C8
:105530004F14F24064005514829328120D20B2409B
:105540004A142812F2401C005314C2931F1108245D
:10555000B012A6544F9304247F400900B012C84AE9
:105560003B4130414F930F204E930920C293461187
:105570000324B012D4543041C243441130417F401F
:105580000900B012C84A3041B012B8494E4FC29318
:1055900014110820F29003004C110420B012CA49E3
:1055A0005F4330414F4EB012CA494F433041B012B1
:1055B00088554F931124829346141020B240AD11A8
:1055C00046149243B812C24374119243C211D2429C
:1055D000AD117F004F4330415F4330417F400500B4
:1055E00030414E4F7E5083FF6E930A2CD2D34E1122
:1055F0007FE02000C24FB512F2407D00AD11023CA9
:10560000C24FAD11B012AE553041B012B849F2F0F0
:10561000FEFF4E11F2407E00AD11B012CA49B01229
:10562000AE5530410B120A120912D2B34E110924A1
:10563000F2F0FEFF4E11D242B512AD11B012AE55CE
:10564000873C5F42B4127F537F927D2C4F4F0F5F98
:10565000104FE6835F42D711B012E2554B4FF24034
:105660000300B4125E42D7110A3C5F423614B012F6
:10567000E2554B4FF2400300B4125E4236141F4213
:105680008614B0124647824F86145B3C5F4230124C
:105690000F5F3F50E4115F4F0100B012E2554B4FD6
:1056A000594230124A490D4A0D5D3D50E4115E4D9C
:1056B00001001F428614B0124647824F86145D4295
:1056C000D1115D53C24DD11159931B205E425E1121
:1056D0004F4E1F5264116F4F5E53C24E5E11C29EF9
:1056E0006011032CE243E6114F430E4A0E5E3E501A
:1056F000E411EE93000005247D930324CE4F0100B6
:10570000203CE242B4121D3C5F428614B012E255C6
:105710004B4FF2400500B412143C1F4286148F1008
:10572000B012E2554B4FF2400600B4120A3CB012E0
:105730000A564B4FF2400700B412033CF242B41237
:10574000053C4B930524F2400900B412B01282517B
:1057500039413A413B413041B012B849F2D01000D2
:105760003100B012CA493041B012B849F2D020001D
:105770003100B012CA493041B012B849F2D04000ED
:105780003100B012CA4930410B120A120912081234
:105790000712B012B849474F1A422A121B422C1264
:1057A000B01246460D4F1F4280015FF305241A5385
:1057B0000B63B01246460D4F12C30D1012C30D10ED
:1057C00012C30D1012C30D1012C30D10084D094362
:1057D0000E4A0F4B4FEA0FEA8F104E4E8E100E5EA0
:1057E0000F6F0E5E0F6F0E5E0F6F08DE09DF4F4703
:1057F000B012CA490E480F493741384139413A4140
:105800003B4130410B120A1209120812B01288579C
:10581000084E094F1E42D8111F42DA110A4E0B4F93
:105820001A52D2111B62D411099F09280220089E26
:1058300006280B9F102809200A9E0D28063C0B9F66
:1058400004280F9B27280A9E252C099B04280B99C6
:105850002128089A1F2C0C4A0D4B0C880D790D93AA
:1058600003203C90010418280E480F493E500004C4
:105870000F63824ED811824FDA110E4C0F4D3E50FD
:1058800000FC3F63824ED211824FD4113C40000491
:105890000D430A3C0C430D43824AD811824BDA1166
:1058A0008243D2118243D4110A4C0A5A0A5A0A5A24
:1058B0000A5A0A5AB0124646085808580858085852
:1058C00008580E4F0E880E9A042C0A8E3A90030048
:1058D000062CB01246462F53824F9201033C0A5FBA
:1058E000824A9201B2F0FEFF8201B2D01000820122
:1058F000384139413A413B4130410B124B4FB012D4
:10590000B849C24BBD12B012CA493B4130410B12DB
:105910000A1209121B42C4115A4B2A004A93022050
:105920007A401F00B012B84AC29AAF1107244E4AFB
:105930003ED0E0807F401500B0127450C24AAF11D3
:10594000694BB012B8494A4FB0124E4A4F930424E3
:105950004F4AB012CA49203C4F4AB012CA49B2401D
:105960003E00E0117F403E00B012D4454F497F53C6
:105970004F4FC243DE11824BCE118243B212824F8F
:105980003C14824338140F930324B012704C043C2F
:105990007F401200B012C84A39413A413B41304180
:1059A000B012B849F2F0BFFF1D00B012CA49304131
:1059B000B012B849F2D040001D00B012CA493041BF
:1059C0000B12B012B8495B42D512B012CA490F4B44
:1059D0000F5F0F5F0F5B3F502E010E4F3ED0004018
:1059E0007F401800B01274503B4130410B12B0128E
:1059F000B8494B4FC293B01104241E43C2934814BC
:105A000001200E434E4E8E100E5E0E5E0E5EC29351
:105A1000C11104241D43C293CA1201200D433ED07C
:105A2000E2220D5D0D5D0D5D0D5D0EDD7F4011000F
:105A3000B01274504F4BB012CA493B4130410B1267
:105A40004B4FB012B8494E4B3E50BC12CE930000A3
:105A50000420DE4300004B43013C5B43B012CA49C3
:105A60004F4B3B4130410B120A124B4FB012B84919
:105A70004A4F4F43B0123E5A4F932F20C24B0B1147
:105A8000C29308113C20F29003003C1138207F4063
:105A90001100B012C84A2C3CD2433C11C243C01181
:105AA000B0129E4B253CC293C01122241E43F29398
:105AB0003F140420C293091101240E430E931820B1
:105AC000F2930A110320C2430A11043C5E420911F9
:105AD000CE433F14C24309110B3C1E434D4B7DF096
:105AE0000F004D9303240E5E7D53FB3FC2DE3E113B
:105AF0004F4AB012CA494F433A413B413041C293E9
:105B00003C11D123C93F0B12B012B8494B4F5F4330
:105B1000B0122249F2F0DAFF70005F43B01222495E
:105B2000F2F03F0004003E401B00FEF0EFFF0000DB
:105B3000FEF0DFFF00003D402E116F4D7FD00500CD
:105B4000C24F7000D24D010071001D422C11C24D98
:105B500074008D104D4DC24D7500C2437300EED3DD
:105B60000000EED20000FED20000F2D0400004009F
:105B70004F43B0122249F2F03F000200F2F03F0022
:105B800000004F4BB012CA493B4130410B120A1280
:105B90004B4FB012B8494A4F4F43B0123E5A4F9341
:105BA00006244F4AB012CA497F4005001E3CC293EA
:105BB00008111E20F29003003C111A200B3CE24316
:105BC0003C11C243C011B0129E4BC2930811062073
:105BD000B012065BC24B0B114B43033CC2433C115A
:105BE0000A3C4F4AB012CA494F4B3A413B413041FF
:105BF000C2933C11E427B012B849C243BC12B012A0
:105C0000CA495B43EE3FA243AA11D243BA11E292C2
:105C10000B1105246F42B0128C5B4F930320B0121E
:105C2000204D30416F42B012665A30410B12B01213
:105C3000B8494B4F8293AA111824C243BA115E424D
:105C4000B1114E930324F2B220000520D2B32000FC
:105C500008204E9303247E53C24EB111B012065C4D
:105C6000073C9243AA11C243B1116F42B012744D66
:105C70004F4BB012CA493B413041B012F846B01206
:105C8000664DB012B84A7F42B012684A7F42B012E5
:105C9000684AB012664D6F42B012744DB0122C5C5F
:105CA00030410B120A120912081207121742B212DF
:105CB000C293DE1102243040A45F1F42E0113FB0C6
:105CC0004000022030403C5F7FF0BFFF7F903F00EC
:105CD00002243040A45F1B4272116E4BC24EAC11C5
:105CE0001F42AA113F90050039243F9006008424EA
:105CF0002F93022430402C5FB2400500AA115D4270
:105D00008E114D9E27242628F2B220000820D2B3FF
:105D1000200005204F4E7FE34F5DC24F8E117E90D5
:105D20002A00182C4E930E240F4B1F537E920328EB
:105D30007E400700033CB2400600AA11B0128A4C14
:105D40003040A45FC243BA11B012664D6F42B01228
:105D5000744DE93CB0127A5C3040A45FB24006005A
:105D6000AA11C293C1114124C293CA123E205F4BB3
:105D700002008F105E4B01000FDE3FF02000352443
:105D80005A4B07008A105F4B06000ADFB012B84971
:105D90001942DC11B012CA490A9908245F4B070066
:105DA0008F105E4B06000FDE3F931F205F4B0200FB
:105DB0008F105E4B01000FDE3FF007001F93152090
:105DC000B012664DB012B84A7F400A00B012684A5D
:105DD000B012664DB012B84A5E42AC117E50F9FF67
:105DE0000F4B3F52B012B64CDD3C5E42AC117E50C0
:105DF000F9FF0F4B3F52A23FB012664DC293B11153
:105E000003206F42B012744DC293B1110324F2B259
:105E100020000B20D2B3200008245A4234144A93A5
:105E20000424F2900B00AC110E2C1F427211CF43D0
:105E30002D00CF433100CF433000CF432F00FF4030
:105E400080FF2E00373C59423A145A9319200F49CB
:105E50000F5F0F5F3F50DE13284F1C4F02001D42A3
:105E60007211CD4831000E4C0F488F108E104FEE3E
:105E70000FEECD4F3000CD4C2F008C10CD4C2E00AE
:105E8000195379F00700C2493A147A53C24A3414BC
:105E900011241F427211CF432D00CF433100CF4355
:105EA0003000CF432F00FF4080FF2E00C2433A1442
:105EB000C24334145F42AC110F5BCF930000333404
:105EC000079331245F4B02008F105FDB01007FF0EE
:105ED00007001D4272116F931F201F42C4110F93C0
:105EE0002224B290070038111E20DF9D030003001A
:105EF0001A20B2F0EFFF86016E4DDF432C000E5DDD
:105F0000DF4EFFFF28006E4E7EF07F00CF4E29004F
:105F10004F43B0124C4D073C5F9305207F40140067
:105F2000B012C84A3F3CB0122C5C3C3CC243BA1190
:105F3000B012664D6F42B012744D343C7F903E00FB
:105F40003120B012664DB29238111120B012B84A09
:105F50007F400900B012684AB012664DB012304E50
:105F6000924338117F400300B012304D1B3CC29366
:105F700084140520A2423811B012DC4F133CB01239
:105F8000304EB24003003811B0127C453E4036011D
:105F9000B012A8780E4F3E500B00824E8C110F436A
:105FA000B0126A4F3741384139413A413B413041A3
:105FB0000B120A120B4FB012B8494A4F0F4BB012D6
:105FC000B246FF403F0000004F4AB012CA49824328
:105FD00042146F43B0123E5A4F936E205F42D71265
:105FE0004E4F5E53C24ED712CB4F0300B012B8498A
:105FF0004A4F6F43B012984A4F930B204F4AB0124A
:10600000CA49B012B849C243BE12B012CA495F436E
:10601000553C6F42B012FA58824B1E124F4AB012D2
:10602000CA495F4B02008F105E4B01000FDE3FF04C
:1060300020CC4E4F3ED041008F104F4F8F100EDFBF
:10604000CB4E01008E10CB4E0200CB432C00CB4335
:106050002800CB432900CB433100CB433000CB4356
:106060002F00FB4080FF2E00D243C0121B421E12A5
:10607000B012B8491E4238113E9202241E930324E6
:10608000B012CA49143CA2433811D2438414824B43
:10609000C411C2437A11B012CA497F400300B01242
:1060A0008C5B4F9306247F400300B012665A4F4327
:1060B000053CB0120E59FB3F7F4005003A413B4181
:1060C00030410B120A1209120B4D4A4C7C901D00F4
:1060D0004F2CCD4F0B00CD4E06008E10CD4E07003D
:1060E000B012B8491942BE11B012CA49CB490400D6
:1060F0008910CB490500B012B84919420611B012F7
:10610000CA49CB4908008910CB4909005F4B0100FF
:106110003FD040885E4B02008E100FDECB4F010057
:106120008F10CB4F02004F4A7F500D00CB4F000025
:10613000C29303110824C24303110F4BB012B05F86
:106140004F930F20193CC24AE811C243E911824B18
:1061500032117F401500B012C84AC29303110A24BD
:10616000033CF2430311083CC243CA114F43043CB1
:106170006F43023C7F40090039413A413B41304185
:106180000B120A12091208120712061205127F9248
:106190000228304030654F4F0F5F104FF6831F428B
:1061A00082018F105FF304241F429201304030655A
:1061B000B2F0EFFF82018293D21109208293D411B1
:1061C00006207F400A00B012C84A30403065B01245
:1061D0000458304030651F4284018F105FF3022065
:1061E0003040306518429401B2F0FEFF8401B2F0F5
:1061F000FDFF8401B0123C4E0C4E0C880D43064E40
:10620000074F068C077D1F4238113F90050004247C
:106210003F900600BC209A3CB24006003811D243A1
:10622000B711C24336116F43B01258461C42C41115
:10623000CC4631000F460D478F108D104FED0FEDFE
:10624000CC4F30000F47CC472F008F10CC4F2E0083
:10625000CC932D006424654C7550FBFF4945095CC7
:106260006D490A430B430B4D8B100C430D435D49A5
:1062700001000CDA0DDB5A4903000B430CDA0DDB8D
:106280005A4902004BEA0BEA8B104A4A8A100CDA90
:106290000DDB0C860D77C94C03000A4D8C108A105B
:1062A0004CEA0CEAC94C02000F4DC94D01008F1099
:1062B000C94F0000B012B84A6C420D494E450F4319
:1062C000B012B850B012664D6F490C430D430D4FDC
:1062D0008D100A430B435B4901000CDA0DDB5A4970
:1062E00003000B430CDA0DDB5A4902004BEA0BEAC0
:1062F0008B104A4A8A100CDA0DDB0C560D67C94C1C
:1063000003000F4C0C4D8F108C104FEC0FECC94F4D
:1063100002000F4DC94D01008F10C94F00001D42F2
:10632000C4115F4D02008F105D4D01000FDD3FF085
:1063300020000224D2439011B012304EB2F0EFFF91
:106340008601E2B31C00022430403065C243B7111D
:106350005F43B01258461D42C4115F4D02008F10BA
:106360005D4D01000FDD3FF020000924B240070021
:1063700038113E4000010F43B0126A4F033C4F43B7
:10638000B0124C4DE2B31C00022030403065C29385
:1063900036112720C293B7112420D243B7116F437F
:1063A000B01258465C421C005D4234147D920E2CA3
:1063B0004F4D5F523A143FF007000F5F0F5F8F465B
:1063C000DE138F47E0135D53C24D3414D2433611B0
:1063D0008248E211E2B31C00AB204E4C6EF35A43EC
:1063E00001204A43D293B711A320C243B7115F43A0
:1063F000B0125846C24336114A939A200F481F8262
:10640000E2113F900A00942C5F4234144F9303240E
:106410007F53C24F34141F42C4110F938924CF43BA
:106420002D00CF433100CF433000CF432F00FF403A
:1064300080FF2E007D3C1F4286018F105FF30324F6
:106440001F429601753CB2F0EFFF86018293B211B4
:1064500046208293B41143201F4238113F50FDFF64
:106460003F9006002F2C0F5F104F0684F2B01000F3
:1064700020000824A24238113E4007000F43B0120A
:106480006A4F203CB012AE4F1D3C7F400300B0125B
:106490008C5B4F9305247F400300B012665A123C78
:1064A000B012DC4F0F3C4F430B3C7F400900B01251
:1064B000684A5F43B0125846B012304E7F40070022
:1064C000B0124C4D929340113320A2434011B012B0
:1064D000A059B012B0594F43B012665A293CB012BD
:1064E000864E263C1F4288018F105FF321241F42F5
:1064F00098011E3C1F428A018F105FF319241F422E
:106500009A01163C1F428C018F105FF311241F4229
:106510009C010E3C1F428E018F105FF309241F4225
:106520009E01063C9253CC1192532A1282632C1284
:10653000354136413741384139413A413B4130419B
:106540000B121F420C1112C30F10C24F3E14B01297
:10655000B8494B4FD2437800B01210475E420F113A
:106560007EF0FAFF5ED3C24E7800D242101179005D
:10657000D24211117A001E420C11C24E7C008E10C4
:106580004E4EC24E7D00D2420E117B005E42121171
:106590007EF003007E9003000B20F2D040001B0031
:1065A000F2D080FF1B005E4205007ED030000F3C21
:1065B0006E931020F2F0DFFF0500F2F0BFFF1B002A
:1065C000F2D080FF1B005E4205007ED01000C24E5C
:1065D0000500123C5E930E20F2F0EFFF0500F2F092
:1065E0007F001B00F2D040001B005E4205007ED001
:1065F0002000ED3FB0122E47F2F0FEFF7800F2F0DF
:10660000CFFF0300F2F0CFFF01004F4BB012CA4999
:10661000B012B849F2F0CFFF0300F2D03000010011
:10662000B012CA493B4130410F120E120D120C122A
:106630004F43B01252493C413D413E413F41B1C000
:10664000F000000000130F120E120D120C121F4268
:106650002E014F4F12C34F10B01252493C413D41E1
:106660003E413F41B1C0F000000000130F120E1276
:106670000D120C124F43B01280613C413D413E412E
:106680003F41B1C0F000000000130F120E120D12B6
:106690000C121F421E014F4F12C34F10B0128061E7
:1066A0003C413D413E413F41B1C0F000000000137C
:1066B000B012B849D29344110420B012CA490F4312
:1066C0003041C29346110420B012CA491F433041E1
:1066D000D2434411B012CA49B012D4540F433041CE
:1066E0000B120A120912081207120612374034124E
:1066F00056423C1266B312241A4234121B4236121E
:106700001C4238121D423A12084E094F088A097B72
:10671000099D04280D991928089C172C37403E1212
:106720005642461266B363241A423E121B4240127E
:106730001C4242121D4244120E8A0F7B0F9D5728A5
:1067400002200E9C54281F43013C0F4356F304249F
:10675000F7F0FDFF0800083C084A094B085C096D8A
:1067600087480000874902004F934120B0125857D4
:10677000B0126857B0127857C2936C113820D242C9
:106780003011F6111F422011C24FF8110E4F8E101A
:10679000C24EF7113F90B80B2A243F401284B0122A
:1067A0008882F243F011F243F111F2400600F51134
:1067B0008293FE131A20B240EA11FE13F240120037
:1067C000EA11C29300111E24C24300117C4005004F
:1067D0003D40EA113E437F400600B012C2604F9335
:1067E0001124D24300118243FE13B012B0667F40E1
:1067F0000B00B012C84A36413741384139413A415D
:106800003B413041D2436C111212201130122B84C3
:10681000B012347A2152E93FC2436C113F4059848F
:10682000B0128882B012B06630410B120A120912FF
:106830000812494F084E4D4F0D5D8D43FE13C24364
:1068400000111D42FE130D9304245F42D0111FF36B
:106850000224D2430011C293001114205B4D0700A3
:106860008B105A4D06006C4D7C50F3FF0E4B0EDA28
:106870005F4D0B00B012C2604F9304247F4017009D
:10688000B012C84A499305203890EA110220B0128C
:106890001868384139413A413B413041C2930011B7
:1068A00007201E42FE130E9F03204F43B0122A689A
:1068B00030410B120A120912081207120612315047
:1068C000F6FF7F9018000228304052744F4F0F5F40
:1068D000104FC884C2934014022030405274384094
:1068E00028124B435A435F4240144ABF0A2488434C
:1068F00000004FCAC24F40147E4003004F4BB012FD
:1069000064554A5A5B5328537B92ED2330405274AE
:106910005B421F114E4B0E5E8E432812B012645420
:106920005E434F4B3040206CB012B849C2437E14D6
:106930005B42B41258437B92012448435A437B90F4
:10694000090001244A43489302204A930724C24382
:10695000B4125E4230120E5ECE43E411B012CA4948
:10696000489302204A931E24B012B849D2533614D9
:10697000F2904300D7110E205E4221125E92201247
:106980000C245E53C24E21127E9006000628C2439C
:106990002112033C58E35B43023C4B434843B01293
:1069A000CA49033C4B9360204843B012B8495A424D
:1069B0006A11B012CA494A930824B012B849F24089
:1069C0000A00B412B012CA49413CB012B849594247
:1069D000E4115A42E611B012CA49B012B8495642FF
:1069E000201257422112B012CA49469720244993D7
:1069F0001E20B012B8494A4FE243E411B012B84920
:106A00005742201259422112B012CA49479905240F
:106A10005E4221125E4E2212013C4E43C24EE511EF
:106A2000F2404300D711C24330124F4A0B3C4F4A49
:106A30007F536F930B2CB012B849F2404500D71129
:106A4000D2433012B012CA495A43013C4A434B93D5
:106A50000C24B012B849C2485C11B012CA497F4038
:106A60000600B012C84A013C4A43B012B8494B4F25
:106A7000F2900A00B4120420B012504C304028703A
:106A8000B012CA494A93022030405274B012B84939
:106A900082438614C243D111D243B412B012CA4900
:106AA000B0120A564F93022030405274B012B849C7
:106AB000F2400900B412B012CA49B01282513040FB
:106AC0005274B012B849C2934C112A20E2434C11BF
:106AD000C243D412B012CA49B012B8494B4FD29334
:106AE000141111205E424C115E9304207F42B012BB
:106AF000C84A093C6E930720D242D4121411F240C6
:106B000003004C11013C4F4BB012CA49C2931411FF
:106B10000320B0124065063CB012B849C2434C1184
:106B2000B012CA49B012B849C243B412C243BB1131
:106B3000B012CA49304052747F400500C13CB012C7
:106B400088554F930220304052748293B81102242A
:106B50003040527482934614022430405274B01272
:106B6000B8494B4FF29003004C110224304028707A
:106B7000C29314110224304028705D4216117D9397
:106B80001A244E4D5F4ED611C24F16117F9302202C
:106B9000F2431511FE43D611C24DD412F243141123
:106BA000D2434C117F42B012C84AD2437800F2F06F
:106BB000CFFF01000D3CD2431411C2434C11D2430C
:106BC0007800F2F0CFFF0100B0122E47B01210474C
:106BD000B0122E473040287082436211B012B8497B
:106BE0005B425C11B012CA49C2935A1102247B4025
:106BF00003001F426411C2935811022430405274A2
:106C0000C2931F11022430405274829F2812022422
:106C10003040527482432812B01264544E4B4F439A
:106C2000B012645530405274B012B8491A42521131
:106C30005B428F11B012CA49B012B8494E4B0E5E7A
:106C40008E4A1A115E4268114B9303247EF0FBFFBB
:106C5000023C7EF0FDFFC24E6811C2435611683FF0
:106C6000B012B849D242D4121411F24003004C11B0
:106C7000B012CA49C2931411022430405274B012A7
:106C8000406530405274F2435014F2434F14F240C6
:106C900064005514829328121120B2404A1428121D
:106CA000F2401C005314C2931F1102203040527452
:106CB000B012A6544F930220304052747F40090016
:106CC000B012C84A30405274C293AE1128201A4202
:106CD000DA131B42DC13B012B8491842D211194220
:106CE000D4111852D8111962DA11B012CA49824A65
:106CF000DA13824BDC13C243AE11B012B84982489A
:106D0000D8118249DA11824AD211824BD411814FB3
:106D10000800B01204581F410800B012CA49B0124E
:106D200088574A3CB0128857084E094FB2F0EFFF1F
:106D30008201E2B33C1215240A4E0B4F1A82341220
:106D40001B7236121642381217423A12068A077B15
:106D50000A460B4736930A203B90FF7F07204D439E
:106D6000063C4D433A433B40FF7F013C5D43E2B369
:106D7000461216240E480F491E823E121F72401200
:106D80001642421217424412068E077F0E460F47E4
:106D90000F9B03380520069A032C0A4E0B4F043C28
:106DA0004D930220304052740B9304381B930834E7
:106DB0001A93062C0E480F49B012E0663040527408
:106DC000824ADA13824BDC13D243AE11B012B849B7
:106DD0008248D8118249DA11824AD211824BD411E9
:106DE000814F0800B012045830401A71B012B849EF
:106DF0004B4F5F43B012584692433811C24336118D
:106E0000C2439011C243AF114F4BB012CA49B012E6
:106E1000B849814F0800B012F8469243AA11C24304
:106E2000BA11F2F0FEFF2500F2F0FEFF2300D2D3EC
:106E30002400D2D325001F410800B012CA49B01265
:106E4000B8494B4FA292401105207F400300B01279
:106E5000684A4F4BB012CA49B012B8494B4FB012F2
:106E6000664D4F43B012744D4F4BB012CA496F4339
:106E7000B012FA58B0128857824E3412824F36122E
:106E8000B240F401381282433A125F423C127FF062
:106E9000FEFF6FD3C24F3C127F400B003040C06CEE
:106EA0004F43B012FA5830405274B012B849B01281
:106EB000CA497F400300B012984A4F933D24B01254
:106EC000B8494B4F82433811B2F0EFFF8601B2F060
:106ED000EFFF8401F2F0FDFF1F007F400300B012BE
:106EE000744DB012664D4F4BB012CA49B012B8493A
:106EF0008243AA11814F0800B012F846B012664DC5
:106F0000F2F0FEFF2500F2F0FEFF23001F41080013
:106F1000B012CA4982434011B012A059B012B84908
:106F2000F2F0DFFF1D00B012CA49B012B0597F4025
:106F30000D00B012C84A033C6F43B012FA581B420E
:106F40001E12B012B849C243BE12B012CA4982938F
:106F50004214022430405274F24303110F4B30406C
:106F6000FA73B012B8494B4FC293821402243040D6
:106F7000306BD2438214A292401104205F43B012BE
:106F8000665A523C7F401000B012C84A4D3CB012C5
:106F9000B849C24382143040306BB012B8495B42EA
:106FA0000B11B012CA497B90050002283040527480
:106FB0004F4B0F5F104FF884B012B84AB012B84967
:106FC0004B4FA293401102243040306BB24003007B
:106FD00040113E4018007F401D00B0127450F2F086
:106FE000EFFF2500F2F0EFFF2300F2F0EFFF2400A7
:106FF000F2D0100025005F43B012684A3E407F0285
:107000007F401C00B0127450B012C059B012EC593D
:107010003E40562A7F401700B01274503E40FF8019
:107020007F401500B01274504F4B3040306BB0129F
:10703000B84A7F400600B012684AB012C059B01278
:10704000EC59B0123051B012664DB012B84A7F40C0
:107050000300B012684AB012664D5F43B012744D1F
:107060007F4010003040C06CB012B84AB012B8492E
:107070004B4FB0124E4A4F9304244F4BB012CA49A3
:107080000D3C4F4BB012CA497F405300B012D4455B
:107090004F43B012D4454F43B012D445B012664DA1
:1070A0006F43B012744D30405274B012B8495B4215
:1070B0003811B012CA496B9208247B920A246B9350
:1070C0001E20B0120E5930405274B012DC4F3040C6
:1070D0005274B012B84A7F400900B012684AB01228
:1070E000664DB012304EB012B84992433811B0120A
:1070F000CA497F400300B012304D30405274B01284
:10710000304E30405274B012204D30405274B012A4
:10711000B849814F0800B012A25C1F4108003040FE
:10712000306BB012B849D242C0110811F2400300CE
:107130003C11B012CA49C29308110220B012065B7A
:10714000C29308110224304052747F401100304035
:10715000C06C1A4272116B4A4E4B0E5A6F4E4F5F03
:107160000F430F6FCA4F2B00674E77F07F00CA475F
:107170002900DA4EFFFF2800584A0200594A010050
:10718000B012B8495742B011B012CA4947934624C9
:107190004E488E104F490EDF8E104E4E12C30E1009
:1071A00012C30E103EF003002E931E20584A070013
:1071B00088105F4A060008DFB012B8491942DC1196
:1071C000B012CA4908990B245F4A07008F105E4A23
:1071D00006000FDE1E433F9303240E43013C1E4373
:1071E0000E931C203040C2733E90030002243040B6
:1071F000C2739142CC1200009142CE120200914221
:10720000D01204009142D21206003D420E410F4AB4
:107210003F500600B012B0780F93D3207B900D0042
:10722000D0281A4272115E4A02008E105F4A010095
:107230000EDF0F4E8F104F4F12C30F1012C30F10DF
:107240003FF003000C4A3C5006008E104E4E7D402D
:10725000060012C30E107D53FC233E90030002244F
:107260002E43013C3E423F90030002242F43013C49
:107270003F420C5F0B430F430D4C0D5F6D4D0B5D9B
:107280001F530F9EF93B594A0300F2434414B012B6
:10729000B8495C4244143E407C110D432B9E0920AA
:1072A000CE9902000520C24C4414B012CA49873C52
:1072B0004C4D1D532E522D92F123C24C4414B0124A
:1072C000CA4958424414B012B84978930324C2986A
:1072D00034110420584234115D43013C4D434E4863
:1072E0000E5E0E5E8E4B7C11CE497E114D930724AF
:1072F0005E4234115E537EF00300C24E3411B01270
:10730000CA49B012B849494F0F4AB012B2466B4F42
:107310004F49B012CA49CA932B0051247B903F00B9
:107320004E20584A070088105F4A060008DFB01256
:10733000B8491B420611B012CA49089B0B245F4A88
:1073400007008F105E4A06000FDE1E433F930324A2
:107350000E43013C1E430E933224FA9006000B00AC
:107360002E205F4A0F008F105E4A10000FDE824F02
:1073700070113F408984B0128882B012B066929238
:10738000201170111C28B012B849F2F0EFFF310043
:10739000B012CA49B012B849F2F0DFFF3100B012A2
:1073A000CA49B012B849F2F0BFFF3100B012CA4961
:1073B000121270113012B084B012347A2152824A03
:1073C0007211B012B849C243BA11B012CA49B01210
:1073D0002C5C3F3C5F42CA115F9203113A24C24FBA
:1073E00003114F930D201F423211B012B05F4F9323
:1073F0003024F24303111F423211B0129C68293C21
:10740000F2430311263CC293D01123243840FE13CB
:107410004B435A435F42D0114ABF0D242E48884344
:1074200000004FCAC24FD0114B9305203E90EA1185
:107430000220B01218684A5A5B5328537B92EA2301
:10744000083C5F4200114E4F0E5E1E4EFE13B012FE
:107450002A6831500A0036413741384139413A41B2
:107460003B413041F29335140824B01234497F93E4
:107470000624B012B2685F4330414F4330414F435E
:1074800030410F120E120D120C125E427E005F424E
:107490004C114F9331242D3CC29314112D201D42C9
:1074A000B8110D930E241F42B0120D5FCD4E000097
:1074B0001F53824FB0121F9232121E288243B811FE
:1074C0001B3C7E907E0003204E435F430F3C7E902A
:1074D0007D000320E2D34E110F3CE2B34E11052490
:1074E000F2F0FDFF4E117EE020004F43B012A85194
:1074F000033C7F900300D0273C413D413E413F414A
:10750000B1C0F000000000130F120E120D120C1289
:107510005F424C114F931E241A3CC29314111A203F
:10752000C29374110F201F42C2111F92B8120A2C6D
:107530001E4246140E5F6E4E1F53824FC211C24E42
:107540007F00083C82434614B0122456033C7F90CF
:107550000300E3273C413D413E413F41B1C0F000C3
:10756000000000130B120B4FC29344110820F2903D
:107570007D0046110428D2434411B012D454B012F5
:10758000B8494E4F5C4246117C90FAFF152C5F4281
:1075900048114D4FCD4BD8125F53C24F48117F90C9
:1075A000FAFF0220C24348115C53C24C46114F4EB1
:1075B000B012CA490F43033CB012CA493F433B4192
:1075C00030410F120E120D120C1221835E42230065
:1075D0005F4225004FFE4F4F814F000091B30000E6
:1075E0000E24F2F0FEFF23009293AA110520A2437D
:1075F000AA11B012065C563CD253B111533CA1B350
:10760000000005245F4223007FF0FDFF493CA1B24A
:10761000000005245F4223007FF0FBFF413CB1B234
:10762000000005245F4223007FF0F7FF393CB1B032
:10763000100000001B24F2F0EFFF2300A2424011D3
:10764000F2F0EFFF2500F2F0EFFF23000E437F4042
:107650001D00B0127450B0123051B012664DB0120D
:10766000B84A7F400C00B012C84A1C3CB1B02000A0
:10767000000005245F4223007FF0DFFF113CB1B022
:107680004000000005245F4223007FF0BFFF083C5C
:10769000B1B08000000006245F4223007FF07F002D
:1076A000C24F230021533C413D413E413F41B1C0C7
:1076B000F000000000130F120E1221835E422B0017
:1076C0005F422D004FFE4F4F814F000091B30000ED
:1076D00005245F422B007FF0FEFF3B3CA1B300007E
:1076E00005245F422B007FF0FDFF333CA1B2000078
:1076F00005245F422B007FF0FBFF2B3CB1B2000062
:1077000005245F422B007FF0F7FF233CB1B010004F
:10771000000005245F422B007FF0EFFF1A3CB1B060
:107720002000000005245F422B007FF0DFFF113CAA
:10773000B1B04000000005245F422B007FF0BFFF86
:10774000083CB1B08000000006245F422B007FF0AF
:107750007F00C24F2B0021533E413F41B1C0F0009A
:10776000000000130F120E120D120C125E42760072
:107770005F423C114F931C24183CC29308111820FF
:107780001F42B2120F9304241F523814CF4EFFFF32
:1077900092923C143814032CB012D249093CF2F0F6
:1077A000BFFF0000B012A25C033C7F900300E527FE
:1077B0003C413D413E413F41B1C0F000000000135B
:1077C0000F125F4270003FF0200006245F427000FD
:1077D0002FF202245F4270003F41B1C0F000000070
:1077E00000130B120A1209120812071206120512D0
:1077F0000412084C094D0A430B430C4E0D4F0E4327
:107800000F43B0124E78344135413641374138414B
:1078100039413A413B4130410B120A120912081218
:107820000712061205120412184112001941140021
:107830001A4116001B411800B0124E7834413541F0
:1078400036413741384139413A413B4130410443A7
:107850000543064307430E3C12C30B100A100910E0
:1078600008100428045C056D066E076F0C5C0D6D36
:107870000E6E0F6F0893F0230993EE230A93EC2307
:107880000B93EA230C440D450E460F4730417C40D4
:1078900010000D4E0E430F5F0E6E0E9D02280E8DD2
:1078A0001FD31C83F8233041B0128E780F4E304125
:1078B0000B120D930A247B4F7C4E4B9C04244F4BA0
:1078C0004E4C0F8E033C3D53F43F0F433B41304140
:1078D0000B120A120912081207120D9370240F9E40
:1078E0006E24342C0C4E0CDF1CF31B240C4E0CEFBE
:1078F0001CF307202D9307280B4E1BF32C430C8BF6
:10790000033C0C4D013C1C430D8C0A4C094E0B4FA3
:10791000FB4900001B533A53FB230A4F0A5C0E5CE1
:10792000013C0A4F0B4D12C30B100B24094B084EA0
:107930000C4ABC4800002C533953FB230B5B0E5BF5
:107940000A5B1DF33C24EA4E0000393C0E5D0C4FEF
:107950000C5D0B4C0BDE1BF31B240B4C0BEE1BF3D3
:1079600006203D90030003280B4E1BF3013C0B4DFA
:107970000D8B094E0A4C084B088C3A533953EA498F
:107980000000074A0758F9233BE31B530C5B0E5BCF
:107990000B4D12C30B100E240A4B084E094C2883C2
:1079A0002983A94800003A53FA230A8B0B4A0B5B40
:1079B0000E5B0C5B1DF30324DC4EFFFFFFFF374122
:1079C000384139413A413B4130410B120A12091208
:1079D00008123D900600092C0C4F043CCC4E0000D0
:1079E0001C533D530D93FA23203C4E4E4B4E0B93AC
:1079F00003240C4B8C100BDC1FB306243D53CF4EDD
:107A00000000094F1953013C094F0C4D12C30C10D3
:107A10000A49084C8A4B00002A533853FB230C5C5C
:107A20000C591DF30224CC4E0000384139413A4133
:107A30003B4130410D412D533E4D3F406475B012E6
:107A4000EA7B30410D4E0E4F3F406475B012EA7B29
:107A500030410B120A1209120812071206120512FF
:107A600004123182084F814E0400094D1F411A0053
:107A70001D411C004C4D044D841045444E4F7EB0BA
:107A800040001124F140300000000E4F8E105EF3D4
:107A900003247E405800023C7E407800C14E010025
:107AA0000C412C530F3C7EF020000424F1403000A8
:107AB0000000043C4C930524C14D00000C411C53B4
:107AC000013C0C410A4C8C108C118C108C110B4C0D
:107AD00006410C418C108C118C108C11074C0A86BD
:107AE0000B770E4F8E10C14E02006EF20224074536
:107AF000013C37434F4F7FB010003C201D41040034
:107B00003D531D53CD930000FC231D810400099AB1
:107B10000228098A013C0943E1B3020005240995C2
:107B200002280985013C0943054D079D012C0547A5
:107B30004F930D38F1402000060006430B430E3CE6
:107B40000F410F566F4F8F1116538812013C064399
:107B5000069AF63B0B4AF14030000600058B053CC7
:107B60005F4106008F1188121B530F450F5B0F9961
:107B7000F72B0A3C06430B43073C1B530F410F56A0
:107B80006F4F8F1116538812069AF73BE1B302002C
:107B900002244A44083C1A4104000A8B0D3C3F4031
:107BA000300088127A534A93FA2344440B54F33F2B
:107BB00037538F1188121B530F4A0F5B6F4F4F9330
:107BC00007240793F523043C3F40200088121B53F1
:107BD0000B99FA2B0F4B3152344135413641374125
:107BE000384139413A413B4130410B120A120912E6
:107BF000081207120612051204123150B6FF814F07
:107C00003A00064E054D814E3E00C1432F00C14350
:107C10002B00C1432E00C1432A0081433000814321
:107C20002600074381432C000E413E501C00814E2C
:107C30001C00304064820F461F53814F4000079361
:107C40001E207E9025001320814300008143020006
:107C500081463E00C1432F00C1432B00C1432E008B
:107C6000C1432A008143300030405A8205478E11BB
:107C70000F4E91123C0091532C00304040827E9078
:107C80006300C5247E90640027347E9030009424E5
:107C90007E9031001A347E902A0077247E902B004B
:107CA0000A347E90230042247E902500E0277E90B7
:107CB00020003220563C7E902D0049247E902E00DC
:107CC0005B247E902B002820473C7E903A008C3825
:107CD0007E9058002120E93C7E906F0024247E9005
:107CE00070000A347E906900E3247E906C002224A8
:107CF0007E9064001120DC3C7E90730098247E907E
:107D0000740004347E9070000720B83C7E907500AB
:107D1000D1247E907800D22419413E0018412C00D5
:107D2000088930402E82B1422800CB3CF1D20000BD
:107D300030405E82694159F36E4104247EF0FEFFBB
:107D40006ED3013C5ED3C14E000030405E82F1D064
:107D50001000000030405E82F1402B0002003040F5
:107D60005E82F1902B000200022030405E82F140E2
:107D70002000020030405E82C1932A00022430407D
:107D80004482D1432E0030405E820E452E532A4558
:107D90000A930338814A26000D3CC1932E00022429
:107DA00030405482F1D0100000003AE3814A2600AE
:107DB00091532600054E273C819326001520C19340
:107DC0002E001220694179F010005E4301244E43D9
:107DD0004E4E0E110E434E106A417AF07F004ADE7D
:107DE000C14A000030405E821A4126000A5A0C4AFD
:107DF0000C5C0C5C0A5C814A2600B150D0FF260066
:107E00008E11815E2600D1432A0030405E820745F4
:107E100027536E45C1932E000320C1932A002627C5
:107E2000C14E0400C14305000E412E52033C0745DC
:107E300027532E45C1932E000724E1D201001F4194
:107E40002600C14F0300063CC1932A000324914140
:107E5000260030000E9302203E40128511120400CD
:107E6000111204001D4134001F413E00B012527A2D
:107E70002152815F2C00054730404082074527533F
:107E8000294581491E005E43099301204E434E5E01
:107E90004E5E4E5E6A417AF0F7FF4ADEC14A00004C
:107EA0000547B14010002800533CD1D30100063CE7
:107EB000E1D20000B1400A002800033CB1401000AC
:107EC00028006B416BB324240C453C5228451745D0
:107ED0000200164504001B45060081481E0081472C
:107EE000200081462200814B2400D1432B000893BF
:107EF000062007930420069302200B930224C1431B
:107F00002B000B5B0B430B6BC14B2F00054C203C34
:107F10005BF307450D24275228451B450200814885
:107F20001E00814B2000D1432B0008930920063C02
:107F300027532B45814B1E00D1432B000B9302246A
:107F4000C1432B000B5B0B430B6BC14B2F00054751
:107F5000F1B200001224C1932B000F206841B190B0
:107F600010002800032078D04000053CB192280082
:107F7000042078D02000C1480000684168B2302455
:107F8000C1932F002D24F1402D00020068B311246D
:107F9000B1E31E00B1E32000B1E32200B1E324000D
:107FA00091531E00816320008163220081632400BD
:107FB000173C58B30F241A411E001B4120003AE31E
:107FC0003BE30E4A0F4B1E530F63814E1E00814F41
:107FD0002000063C1A411E003AE31A53814A1E0053
:107FE000C1431B0068B36A2416411E009141200062
:107FF0003C001841220014412400074137501A0068
:1080000009469141280032001B4128008B108B113A
:108010008B108B11814B3400814B3600814B380023
:1080200011123A0011123A0011123A0011123A00DC
:108030000C491D4144000E480F44B0127883315260
:108040000B4C3C900A0005347B503000C74B0000BD
:108050000C3C4B4CD1B3010003247A403700023C66
:108060007A4057004A5BC74A000006473653111250
:108070003A0011123A0011123A0011123A000C495A
:108080001D4144000E480F44B01252833152094C36
:10809000814D3C00084E044F37530C93B2230D938F
:1080A000B0230E93AE230F93AC2381431E00814374
:1080B000200081432200814324006C3C58B33E24BD
:1080C00014411E0017412000084138501A00194180
:1080D000280089108911891089111C4128000D4937
:1080E0000E440F47B012EA820B4E3E900A00053450
:1080F0007B503000C84B00000C3C4B4ED1B301000C
:1081000003247A403700023C7A4057004A5BC84A51
:108110000000064836531C4128000D490E440F4705
:10812000B012B482044E074F38530E93D0230F93EE
:10813000CE2381431E00814320002C3C17411E00AA
:10814000084138501A001E4128000F47B012A87885
:108150000D4F3F900A0005347D503000C84D00009F
:108160000C3C4D4FD1B3010003247C403700023C4E
:108170007C4057004C5DC84C0000064836531E41F9
:1081800028000F47B0128E78074F38530F93DB2328
:1081900081431E00B1900A0028000224C14302005E
:1081A000C1932E002A240F413F501C00814F4200F2
:1081B0001A411C008A108A118A108A11814A4400CF
:1081C000814646000A468A108A118A108A11814A1D
:1081D00048001C4142001D4144001C8146001D71A5
:1081E00048002C831C9126000E2CE1D301005E4137
:1081F00026004E8CC14E0300063CC1932A00032486
:1082000091412600300011120400111204001D419A
:1082100034000E461E531F413E00B012527A2152C6
:10822000815F2C000D3C7F498F1191123C000E495B
:108230000E5819914000F72B81493E00814E2C00C9
:1082400007430E3C914126003000D1432E00C1432C
:108250002A00033C054ED1432A00814326001743E0
:10826000164140006E464E9302243040367C1F413A
:108270002C0031504A0034413541364137413841B4
:1082800039413A413B4130410B120B4F6F4B4F93F9
:1082900006241B538F11B01264750F93F737CB93DD
:1082A000000005203F400A00B0126475013C3F43C6
:1082B0003B4130410B120A120912794020000A4C4E
:1082C0000B4D0C430D430E5E0F6F0C6C0D6D0D9B33
:1082D000062802200C9A03280C8A0D7B1ED31983D2
:1082E000F22339413A413B413041B012B4820E4C45
:1082F0000F4D3041071206120512041230124000D1
:1083000004480549064A074B084309430A430B43FF
:108310000C5C0D6D0E6E0F6F086809690A6A0B6BB5
:108320000B970E2808200A960B2805200995082887
:10833000022008940528088409750A760B771CD357
:1083400091830000E52321533441354136413741C3
:1083500030410B120A120912081218410A00194181
:108360000C001A410E001B411000B012F48238417B
:1083700039413A413B4130410B120A1209120812AD
:1083800018410A0019410C001A410E001B4110004F
:10839000B012F4820C480D490E4A0F4B3841394156
:1083A0003A413B4130410B120A12091208120712DE
:1083B00018410C0019410E001A4110001B41120017
:1083C000B012F48217411400874800008749020068
:1083D000874A0400874B06003741384139413A410A
:0683E0003B413041001397
:1083E60054566A568C5608571A572E573C574C57B0
:1083F6009E61D6613664E464F4640465146524659C
:108406006C648A64AA64C464A6648A644869212088
:1084160054686973206973204261736520537461DF
:1084260074696F6E00426173652053746174696F7D
:108436006E2073656E64696E67206E65772074685A
:10844600726573686F6C642076616C75653A202579
:10845600750A00426173652053746174696F6E20FA
:108466006D65737361676520686173206265656E0B
:108476002073656E74207375636365737366756CBC
:108486006C79000A4D657373616765207265636573
:108496006976656420627920746865204261736537
:1084A6002053746174696F6E0A005468726573684C
:1084B6006F6C6420726561636865643A2025750A8D
:1084C6000A00D46810692869C26A386B3E6BD86B9B
:1084D600286C606C866CC86C246DEC6DA06EAA6E00
:1084E600626F8E6F9A6F0E7122715271D473067419
:1084F6004274B86F2E706870AA7006710000100082
:1085060050009000D000F000009C0208286E756CA8
:048516006C290000CC
:10851A0001FFFFFF2200010001FFFFFF0900101009
:10852A002008030001FFFF00481248127C12FF01D5
:10853A00B80B01001200841020080300020012A2E6
:02854A0001002E
:10FFE0007845B67608758274C27546662866784587
:10FFF000C0776477784578458A666C6678450040B6
:0400000300004000B9
:00000001FF
